# JRE version: OpenJDK Runtime Environment (17.0.9) (build 17.0.9+0--11185874)
# Java VM: OpenJDK 64-Bit Server VM (17.0.9+0--11185874, mixed mode, tiered, compressed oops, compressed class ptrs, g1 gc, windows-amd64)
GC Precious Log:
 CPUs: 12 total, 12 available
 Memory: 7514M
 Large Page Support: Disabled
 NUMA Support: Disabled
 Compressed Oops: Enabled (32-bit)
 Heap Region Size: 1M
 Heap Min Capacity: 8M
 Heap Initial Capacity: 118M
 Heap Max Capacity: 2G
 Pre-touch: Disabled
 Parallel Workers: 10
 Concurrent Workers: 3
 Concurrent Refinement Workers: 10
 Periodic GC: Disabled
Heap:
 garbage-first heap   total 193536K, used 136450K [0x0000000080000000, 0x0000000100000000)
  region size 1024K, 5 young (5120K), 5 survivors (5120K)
 Metaspace       used 119408K, committed 120128K, reserved 1179648K
  class space    used 15619K, committed 15936K, reserved 1048576K
GC Heap History (20 events):
Event: 9.376 GC heap after
{Heap after GC invocations=38 (full 0):
 garbage-first heap   total 178176K, used 86806K [0x0000000080000000, 0x0000000100000000)
  region size 1024K, 1 young (1024K), 1 survivors (1024K)
 Metaspace       used 93804K, committed 94464K, reserved 1179648K
  class space    used 12714K, committed 12992K, reserved 1048576K
}
Event: 9.680 GC heap before
{Heap before GC invocations=38 (full 0):
 garbage-first heap   total 178176K, used 113430K [0x0000000080000000, 0x0000000100000000)
  region size 1024K, 28 young (28672K), 1 survivors (1024K)
 Metaspace       used 96977K, committed 97600K, reserved 1179648K
  class space    used 13136K, committed 13376K, reserved 1048576K
}
Event: 9.683 GC heap after
{Heap after GC invocations=39 (full 0):
 garbage-first heap   total 178176K, used 88444K [0x0000000080000000, 0x0000000100000000)
  region size 1024K, 3 young (3072K), 3 survivors (3072K)
 Metaspace       used 96977K, committed 97600K, reserved 1179648K
  class space    used 13136K, committed 13376K, reserved 1048576K
}
Event: 10.096 GC heap before
{Heap before GC invocations=40 (full 0):
 garbage-first heap   total 178176K, used 145788K [0x0000000080000000, 0x0000000100000000)
  region size 1024K, 58 young (59392K), 3 survivors (3072K)
 Metaspace       used 98891K, committed 99584K, reserved 1179648K
  class space    used 13337K, committed 13632K, reserved 1048576K
}
Event: 10.100 GC heap after
{Heap after GC invocations=41 (full 0):
 garbage-first heap   total 178176K, used 91323K [0x0000000080000000, 0x0000000100000000)
  region size 1024K, 5 young (5120K), 5 survivors (5120K)
 Metaspace       used 98891K, committed 99584K, reserved 1179648K
  class space    used 13337K, committed 13632K, reserved 1048576K
}
Event: 10.840 GC heap before
{Heap before GC invocations=41 (full 0):
 garbage-first heap   total 178176K, used 146619K [0x0000000080000000, 0x0000000100000000)
  region size 1024K, 59 young (60416K), 5 survivors (5120K)
 Metaspace       used 104953K, committed 105600K, reserved 1179648K
  class space    used 13960K, committed 14208K, reserved 1048576K
}
Event: 10.845 GC heap after
{Heap after GC invocations=42 (full 0):
 garbage-first heap   total 178176K, used 95291K [0x0000000080000000, 0x0000000100000000)
  region size 1024K, 7 young (7168K), 7 survivors (7168K)
 Metaspace       used 104953K, committed 105600K, reserved 1179648K
  class space    used 13960K, committed 14208K, reserved 1048576K
}
Event: 11.581 GC heap before
{Heap before GC invocations=43 (full 0):
 garbage-first heap   total 178176K, used 147515K [0x0000000080000000, 0x0000000100000000)
  region size 1024K, 58 young (59392K), 7 survivors (7168K)
 Metaspace       used 112099K, committed 112704K, reserved 1179648K
  class space    used 14793K, committed 15040K, reserved 1048576K
}
Event: 11.585 GC heap after
{Heap after GC invocations=44 (full 0):
 garbage-first heap   total 178176K, used 96464K [0x0000000080000000, 0x0000000100000000)
  region size 1024K, 5 young (5120K), 5 survivors (5120K)
 Metaspace       used 112099K, committed 112704K, reserved 1179648K
  class space    used 14793K, committed 15040K, reserved 1048576K
}
Event: 11.624 GC heap before
{Heap before GC invocations=44 (full 0):
 garbage-first heap   total 178176K, used 98512K [0x0000000080000000, 0x0000000100000000)
  region size 1024K, 8 young (8192K), 5 survivors (5120K)
 Metaspace       used 112631K, committed 113280K, reserved 1179648K
  class space    used 14849K, committed 15104K, reserved 1048576K
}
Event: 11.628 GC heap after
{Heap after GC invocations=45 (full 0):
 garbage-first heap   total 178176K, used 97365K [0x0000000080000000, 0x0000000100000000)
  region size 1024K, 1 young (1024K), 1 survivors (1024K)
 Metaspace       used 112631K, committed 113280K, reserved 1179648K
  class space    used 14849K, committed 15104K, reserved 1048576K
}
Event: 12.646 GC heap before
{Heap before GC invocations=45 (full 0):
 garbage-first heap   total 178176K, used 148565K [0x0000000080000000, 0x0000000100000000)
  region size 1024K, 52 young (53248K), 1 survivors (1024K)
 Metaspace       used 118693K, committed 119360K, reserved 1179648K
  class space    used 15554K, committed 15872K, reserved 1048576K
}
Event: 12.650 GC heap after
{Heap after GC invocations=46 (full 0):
 garbage-first heap   total 178176K, used 100068K [0x0000000080000000, 0x0000000100000000)
  region size 1024K, 4 young (4096K), 4 survivors (4096K)
 Metaspace       used 118693K, committed 119360K, reserved 1179648K
  class space    used 15554K, committed 15872K, reserved 1048576K
}
Event: 13.046 GC heap before
{Heap before GC invocations=47 (full 0):
 garbage-first heap   total 178176K, used 123620K [0x0000000080000000, 0x0000000100000000)
  region size 1024K, 29 young (29696K), 4 survivors (4096K)
 Metaspace       used 119286K, committed 120000K, reserved 1179648K
  class space    used 15618K, committed 15936K, reserved 1048576K
}
Event: 13.051 GC heap after
{Heap after GC invocations=48 (full 0):
 garbage-first heap   total 178176K, used 103329K [0x0000000080000000, 0x0000000100000000)
  region size 1024K, 7 young (7168K), 7 survivors (7168K)
 Metaspace       used 119286K, committed 120000K, reserved 1179648K
  class space    used 15618K, committed 15936K, reserved 1048576K
}
Event: 13.301 GC heap before
{Heap before GC invocations=49 (full 0):
 garbage-first heap   total 193536K, used 154529K [0x0000000080000000, 0x0000000100000000)
  region size 1024K, 48 young (49152K), 7 survivors (7168K)
 Metaspace       used 119312K, committed 120000K, reserved 1179648K
  class space    used 15619K, committed 15936K, reserved 1048576K
}
Event: 13.311 GC heap after
{Heap after GC invocations=50 (full 0):
 garbage-first heap   total 193536K, used 119019K [0x0000000080000000, 0x0000000100000000)
  region size 1024K, 6 young (6144K), 6 survivors (6144K)
 Metaspace       used 119312K, committed 120000K, reserved 1179648K
  class space    used 15619K, committed 15936K, reserved 1048576K
}
Event: 13.319 GC heap before
{Heap before GC invocations=50 (full 0):
 garbage-first heap   total 193536K, used 122091K [0x0000000080000000, 0x0000000100000000)
  region size 1024K, 9 young (9216K), 6 survivors (6144K)
 Metaspace       used 119312K, committed 120000K, reserved 1179648K
  class space    used 15619K, committed 15936K, reserved 1048576K
}
Event: 13.324 GC heap after
{Heap after GC invocations=51 (full 0):
 garbage-first heap   total 193536K, used 120793K [0x0000000080000000, 0x0000000100000000)
  region size 1024K, 2 young (2048K), 2 survivors (2048K)
 Metaspace       used 119312K, committed 120000K, reserved 1179648K
  class space    used 15619K, committed 15936K, reserved 1048576K
}
Event: 13.566 GC heap before
{Heap before GC invocations=51 (full 0):
 garbage-first heap   total 193536K, used 163801K [0x0000000080000000, 0x0000000100000000)
  region size 1024K, 36 young (36864K), 2 survivors (2048K)
 Metaspace       used 119408K, committed 120128K, reserved 1179648K
  class space    used 15619K, committed 15936K, reserved 1048576K
}

