# JRE version: OpenJDK Runtime Environment (17.0.9) (build 17.0.9+0--11185874)
# Java VM: OpenJDK 64-Bit Server VM (17.0.9+0--11185874, mixed mode, tiered, compressed oops, compressed class ptrs, g1 gc, windows-amd64)
GC Precious Log:
 CPUs: 12 total, 12 available
 Memory: 7514M
 Large Page Support: Disabled
 NUMA Support: Disabled
 Compressed Oops: Enabled (32-bit)
 Heap Region Size: 1M
 Heap Min Capacity: 8M
 Heap Initial Capacity: 118M
 Heap Max Capacity: 2G
 Pre-touch: Disabled
 Parallel Workers: 10
 Concurrent Workers: 3
 Concurrent Refinement Workers: 10
 Periodic GC: Disabled
Heap:
 garbage-first heap   total 331776K, used 244477K [0x0000000080000000, 0x0000000100000000)
  region size 1024K, 77 young (78848K), 12 survivors (12288K)
 Metaspace       used 148379K, committed 149184K, reserved 1179648K
  class space    used 19033K, committed 19392K, reserved 1048576K
GC Heap History (20 events):
Event: 14.251 GC heap before
{Heap before GC invocations=41 (full 0):
 garbage-first heap   total 331776K, used 270171K [0x0000000080000000, 0x0000000100000000)
  region size 1024K, 156 young (159744K), 3 survivors (3072K)
 Metaspace       used 94831K, committed 95488K, reserved 1179648K
  class space    used 12836K, committed 13120K, reserved 1048576K
}
Event: 14.261 GC heap after
{Heap after GC invocations=42 (full 0):
 garbage-first heap   total 331776K, used 125065K [0x0000000080000000, 0x0000000100000000)
  region size 1024K, 15 young (15360K), 15 survivors (15360K)
 Metaspace       used 94831K, committed 95488K, reserved 1179648K
  class space    used 12836K, committed 13120K, reserved 1048576K
}
Event: 14.274 GC heap before
{Heap before GC invocations=42 (full 0):
 garbage-first heap   total 331776K, used 126089K [0x0000000080000000, 0x0000000100000000)
  region size 1024K, 16 young (16384K), 15 survivors (15360K)
 Metaspace       used 94935K, committed 95616K, reserved 1179648K
  class space    used 12851K, committed 13120K, reserved 1048576K
}
Event: 14.281 GC heap after
{Heap after GC invocations=43 (full 0):
 garbage-first heap   total 331776K, used 126110K [0x0000000080000000, 0x0000000100000000)
  region size 1024K, 2 young (2048K), 2 survivors (2048K)
 Metaspace       used 94935K, committed 95616K, reserved 1179648K
  class space    used 12851K, committed 13120K, reserved 1048576K
}
Event: 15.724 GC heap before
{Heap before GC invocations=43 (full 0):
 garbage-first heap   total 331776K, used 242846K [0x0000000080000000, 0x0000000100000000)
  region size 1024K, 115 young (117760K), 2 survivors (2048K)
 Metaspace       used 103997K, committed 104768K, reserved 1179648K
  class space    used 13917K, committed 14272K, reserved 1048576K
}
Event: 15.729 GC heap after
{Heap after GC invocations=44 (full 0):
 garbage-first heap   total 331776K, used 130313K [0x0000000080000000, 0x0000000100000000)
  region size 1024K, 6 young (6144K), 6 survivors (6144K)
 Metaspace       used 103997K, committed 104768K, reserved 1179648K
  class space    used 13917K, committed 14272K, reserved 1048576K
}
Event: 17.665 GC heap before
{Heap before GC invocations=44 (full 0):
 garbage-first heap   total 331776K, used 254217K [0x0000000080000000, 0x0000000100000000)
  region size 1024K, 125 young (128000K), 6 survivors (6144K)
 Metaspace       used 119350K, committed 120192K, reserved 1179648K
  class space    used 15601K, committed 16000K, reserved 1048576K
}
Event: 17.673 GC heap after
{Heap after GC invocations=45 (full 0):
 garbage-first heap   total 331776K, used 138836K [0x0000000080000000, 0x0000000100000000)
  region size 1024K, 12 young (12288K), 12 survivors (12288K)
 Metaspace       used 119350K, committed 120192K, reserved 1179648K
  class space    used 15601K, committed 16000K, reserved 1048576K
}
Event: 19.516 GC heap before
{Heap before GC invocations=45 (full 0):
 garbage-first heap   total 331776K, used 267860K [0x0000000080000000, 0x0000000100000000)
  region size 1024K, 131 young (134144K), 12 survivors (12288K)
 Metaspace       used 129162K, committed 129920K, reserved 1179648K
  class space    used 16912K, committed 17280K, reserved 1048576K
}
Event: 19.526 GC heap after
{Heap after GC invocations=46 (full 0):
 garbage-first heap   total 331776K, used 150198K [0x0000000080000000, 0x0000000100000000)
  region size 1024K, 16 young (16384K), 16 survivors (16384K)
 Metaspace       used 129162K, committed 129920K, reserved 1179648K
  class space    used 16912K, committed 17280K, reserved 1048576K
}
Event: 20.058 GC heap before
{Heap before GC invocations=46 (full 0):
 garbage-first heap   total 331776K, used 186038K [0x0000000080000000, 0x0000000100000000)
  region size 1024K, 52 young (53248K), 16 survivors (16384K)
 Metaspace       used 131636K, committed 132416K, reserved 1179648K
  class space    used 17231K, committed 17600K, reserved 1048576K
}
Event: 20.067 GC heap after
{Heap after GC invocations=47 (full 0):
 garbage-first heap   total 331776K, used 153860K [0x0000000080000000, 0x0000000100000000)
  region size 1024K, 4 young (4096K), 4 survivors (4096K)
 Metaspace       used 131636K, committed 132416K, reserved 1179648K
  class space    used 17231K, committed 17600K, reserved 1048576K
}
Event: 22.090 GC heap before
{Heap before GC invocations=48 (full 0):
 garbage-first heap   total 331776K, used 275716K [0x0000000080000000, 0x0000000100000000)
  region size 1024K, 118 young (120832K), 4 survivors (4096K)
 Metaspace       used 140279K, committed 141056K, reserved 1179648K
  class space    used 18373K, committed 18752K, reserved 1048576K
}
Event: 22.096 GC heap after
{Heap after GC invocations=49 (full 0):
 garbage-first heap   total 331776K, used 162044K [0x0000000080000000, 0x0000000100000000)
  region size 1024K, 8 young (8192K), 8 survivors (8192K)
 Metaspace       used 140279K, committed 141056K, reserved 1179648K
  class space    used 18373K, committed 18752K, reserved 1048576K
}
Event: 22.172 GC heap before
{Heap before GC invocations=49 (full 0):
 garbage-first heap   total 331776K, used 170236K [0x0000000080000000, 0x0000000100000000)
  region size 1024K, 16 young (16384K), 8 survivors (8192K)
 Metaspace       used 140476K, committed 141248K, reserved 1179648K
  class space    used 18395K, committed 18752K, reserved 1048576K
}
Event: 22.179 GC heap after
{Heap after GC invocations=50 (full 0):
 garbage-first heap   total 331776K, used 161574K [0x0000000080000000, 0x0000000100000000)
  region size 1024K, 2 young (2048K), 2 survivors (2048K)
 Metaspace       used 140476K, committed 141248K, reserved 1179648K
  class space    used 18395K, committed 18752K, reserved 1048576K
}
Event: 23.462 GC heap before
{Heap before GC invocations=50 (full 0):
 garbage-first heap   total 331776K, used 273190K [0x0000000080000000, 0x0000000100000000)
  region size 1024K, 112 young (114688K), 2 survivors (2048K)
 Metaspace       used 141375K, committed 142208K, reserved 1179648K
  class space    used 18449K, committed 18816K, reserved 1048576K
}
Event: 23.468 GC heap after
{Heap after GC invocations=51 (full 0):
 garbage-first heap   total 331776K, used 168313K [0x0000000080000000, 0x0000000100000000)
  region size 1024K, 8 young (8192K), 8 survivors (8192K)
 Metaspace       used 141375K, committed 142208K, reserved 1179648K
  class space    used 18449K, committed 18816K, reserved 1048576K
}
Event: 24.574 GC heap before
{Heap before GC invocations=51 (full 0):
 garbage-first heap   total 331776K, used 275833K [0x0000000080000000, 0x0000000100000000)
  region size 1024K, 112 young (114688K), 8 survivors (8192K)
 Metaspace       used 143320K, committed 144128K, reserved 1179648K
  class space    used 18585K, committed 18944K, reserved 1048576K
}
Event: 24.584 GC heap after
{Heap after GC invocations=52 (full 0):
 garbage-first heap   total 331776K, used 179965K [0x0000000080000000, 0x0000000100000000)
  region size 1024K, 12 young (12288K), 12 survivors (12288K)
 Metaspace       used 143320K, committed 144128K, reserved 1179648K
  class space    used 18585K, committed 18944K, reserved 1048576K
}

