# JRE version: OpenJDK Runtime Environment (17.0.9) (build 17.0.9+0--11185874)
# Java VM: OpenJDK 64-Bit Server VM (17.0.9+0--11185874, mixed mode, tiered, compressed oops, compressed class ptrs, g1 gc, windows-amd64)
GC Precious Log:
 CPUs: 12 total, 12 available
 Memory: 7514M
 Large Page Support: Disabled
 NUMA Support: Disabled
 Compressed Oops: Enabled (32-bit)
 Heap Region Size: 1M
 Heap Min Capacity: 8M
 Heap Initial Capacity: 118M
 Heap Max Capacity: 2G
 Pre-touch: Disabled
 Parallel Workers: 10
 Concurrent Workers: 3
 Concurrent Refinement Workers: 10
 Periodic GC: Disabled
Heap:
 garbage-first heap   total 176128K, used 98640K [0x0000000080000000, 0x0000000100000000)
  region size 1024K, 4 young (4096K), 4 survivors (4096K)
 Metaspace       used 112872K, committed 113664K, reserved 1179648K
  class space    used 14985K, committed 15360K, reserved 1048576K
GC Heap History (20 events):
Event: 10.295 GC heap after
{Heap after GC invocations=33 (full 0):
 garbage-first heap   total 119808K, used 65787K [0x0000000080000000, 0x0000000100000000)
  region size 1024K, 4 young (4096K), 4 survivors (4096K)
 Metaspace       used 86838K, committed 87552K, reserved 1179648K
  class space    used 12033K, committed 12352K, reserved 1048576K
}
Event: 10.498 GC heap before
{Heap before GC invocations=34 (full 0):
 garbage-first heap   total 126976K, used 107771K [0x0000000080000000, 0x0000000100000000)
  region size 1024K, 38 young (38912K), 4 survivors (4096K)
 Metaspace       used 87239K, committed 88000K, reserved 1179648K
  class space    used 12057K, committed 12352K, reserved 1048576K
}
Event: 10.506 GC heap after
{Heap after GC invocations=35 (full 0):
 garbage-first heap   total 152576K, used 75767K [0x0000000080000000, 0x0000000100000000)
  region size 1024K, 5 young (5120K), 5 survivors (5120K)
 Metaspace       used 87239K, committed 88000K, reserved 1179648K
  class space    used 12057K, committed 12352K, reserved 1048576K
}
Event: 11.013 GC heap before
{Heap before GC invocations=35 (full 0):
 garbage-first heap   total 152576K, used 110583K [0x0000000080000000, 0x0000000100000000)
  region size 1024K, 40 young (40960K), 5 survivors (5120K)
 Metaspace       used 91253K, committed 91968K, reserved 1179648K
  class space    used 12541K, committed 12864K, reserved 1048576K
}
Event: 11.018 GC heap after
{Heap after GC invocations=36 (full 0):
 garbage-first heap   total 152576K, used 78039K [0x0000000080000000, 0x0000000100000000)
  region size 1024K, 5 young (5120K), 5 survivors (5120K)
 Metaspace       used 91253K, committed 91968K, reserved 1179648K
  class space    used 12541K, committed 12864K, reserved 1048576K
}
Event: 11.592 GC heap before
{Heap before GC invocations=37 (full 0):
 garbage-first heap   total 152576K, used 127191K [0x0000000080000000, 0x0000000100000000)
  region size 1024K, 46 young (47104K), 5 survivors (5120K)
 Metaspace       used 95731K, committed 96448K, reserved 1179648K
  class space    used 12970K, committed 13248K, reserved 1048576K
}
Event: 11.597 GC heap after
{Heap after GC invocations=38 (full 0):
 garbage-first heap   total 152576K, used 88682K [0x0000000080000000, 0x0000000100000000)
  region size 1024K, 5 young (5120K), 5 survivors (5120K)
 Metaspace       used 95731K, committed 96448K, reserved 1179648K
  class space    used 12970K, committed 13248K, reserved 1048576K
}
Event: 12.121 GC heap before
{Heap before GC invocations=38 (full 0):
 garbage-first heap   total 152576K, used 124522K [0x0000000080000000, 0x0000000100000000)
  region size 1024K, 40 young (40960K), 5 survivors (5120K)
 Metaspace       used 100033K, committed 100736K, reserved 1179648K
  class space    used 13449K, committed 13760K, reserved 1048576K
}
Event: 12.125 GC heap after
{Heap after GC invocations=39 (full 0):
 garbage-first heap   total 152576K, used 90334K [0x0000000080000000, 0x0000000100000000)
  region size 1024K, 2 young (2048K), 2 survivors (2048K)
 Metaspace       used 100033K, committed 100736K, reserved 1179648K
  class space    used 13449K, committed 13760K, reserved 1048576K
}
Event: 12.581 GC heap before
{Heap before GC invocations=40 (full 0):
 garbage-first heap   total 155648K, used 126174K [0x0000000080000000, 0x0000000100000000)
  region size 1024K, 37 young (37888K), 2 survivors (2048K)
 Metaspace       used 104273K, committed 104960K, reserved 1179648K
  class space    used 13960K, committed 14272K, reserved 1048576K
}
Event: 12.584 GC heap after
{Heap after GC invocations=41 (full 0):
 garbage-first heap   total 155648K, used 91695K [0x0000000080000000, 0x0000000100000000)
  region size 1024K, 3 young (3072K), 3 survivors (3072K)
 Metaspace       used 104273K, committed 104960K, reserved 1179648K
  class space    used 13960K, committed 14272K, reserved 1048576K
}
Event: 12.644 GC heap before
{Heap before GC invocations=41 (full 0):
 garbage-first heap   total 155648K, used 94767K [0x0000000080000000, 0x0000000100000000)
  region size 1024K, 7 young (7168K), 3 survivors (3072K)
 Metaspace       used 104681K, committed 105344K, reserved 1179648K
  class space    used 14029K, committed 14336K, reserved 1048576K
}
Event: 12.648 GC heap after
{Heap after GC invocations=42 (full 0):
 garbage-first heap   total 155648K, used 91637K [0x0000000080000000, 0x0000000100000000)
  region size 1024K, 1 young (1024K), 1 survivors (1024K)
 Metaspace       used 104681K, committed 105344K, reserved 1179648K
  class space    used 14029K, committed 14336K, reserved 1048576K
}
Event: 12.959 GC heap before
{Heap before GC invocations=42 (full 0):
 garbage-first heap   total 155648K, used 117237K [0x0000000080000000, 0x0000000100000000)
  region size 1024K, 27 young (27648K), 1 survivors (1024K)
 Metaspace       used 107737K, committed 108416K, reserved 1179648K
  class space    used 14425K, committed 14720K, reserved 1048576K
}
Event: 12.961 GC heap after
{Heap after GC invocations=43 (full 0):
 garbage-first heap   total 155648K, used 93155K [0x0000000080000000, 0x0000000100000000)
  region size 1024K, 3 young (3072K), 3 survivors (3072K)
 Metaspace       used 107737K, committed 108416K, reserved 1179648K
  class space    used 14425K, committed 14720K, reserved 1048576K
}
Event: 13.111 GC heap before
{Heap before GC invocations=44 (full 0):
 garbage-first heap   total 176128K, used 131043K [0x0000000080000000, 0x0000000100000000)
  region size 1024K, 39 young (39936K), 3 survivors (3072K)
 Metaspace       used 107961K, committed 108608K, reserved 1179648K
  class space    used 14426K, committed 14720K, reserved 1048576K
}
Event: 13.114 GC heap after
{Heap after GC invocations=45 (full 0):
 garbage-first heap   total 176128K, used 95117K [0x0000000080000000, 0x0000000100000000)
  region size 1024K, 4 young (4096K), 4 survivors (4096K)
 Metaspace       used 107961K, committed 108608K, reserved 1179648K
  class space    used 14426K, committed 14720K, reserved 1048576K
}
Event: 13.138 GC heap before
{Heap before GC invocations=45 (full 0):
 garbage-first heap   total 176128K, used 99213K [0x0000000080000000, 0x0000000100000000)
  region size 1024K, 8 young (8192K), 4 survivors (4096K)
 Metaspace       used 108009K, committed 108672K, reserved 1179648K
  class space    used 14430K, committed 14720K, reserved 1048576K
}
Event: 13.141 GC heap after
{Heap after GC invocations=46 (full 0):
 garbage-first heap   total 176128K, used 95396K [0x0000000080000000, 0x0000000100000000)
  region size 1024K, 1 young (1024K), 1 survivors (1024K)
 Metaspace       used 108009K, committed 108672K, reserved 1179648K
  class space    used 14430K, committed 14720K, reserved 1048576K
}
Event: 13.943 GC heap before
{Heap before GC invocations=46 (full 0):
 garbage-first heap   total 176128K, used 144548K [0x0000000080000000, 0x0000000100000000)
  region size 1024K, 49 young (50176K), 1 survivors (1024K)
 Metaspace       used 112872K, committed 113664K, reserved 1179648K
  class space    used 14985K, committed 15360K, reserved 1048576K
}

