# JRE version: OpenJDK Runtime Environment (17.0.9) (build 17.0.9+0--11185874)
# Java VM: OpenJDK 64-Bit Server VM (17.0.9+0--11185874, mixed mode, tiered, compressed oops, compressed class ptrs, g1 gc, windows-amd64)
GC Precious Log:
 CPUs: 12 total, 12 available
 Memory: 7514M
 Large Page Support: Disabled
 NUMA Support: Disabled
 Compressed Oops: Enabled (32-bit)
 Heap Region Size: 1M
 Heap Min Capacity: 8M
 Heap Initial Capacity: 118M
 Heap Max Capacity: 2G
 Pre-touch: Disabled
 Parallel Workers: 10
 Concurrent Workers: 3
 Concurrent Refinement Workers: 10
 Periodic GC: Disabled
Heap:
 garbage-first heap   total 334848K, used 213311K [0x0000000080000000, 0x0000000100000000)
  region size 1024K, 26 young (26624K), 5 survivors (5120K)
 Metaspace       used 99422K, committed 100224K, reserved 1179648K
  class space    used 13813K, committed 14208K, reserved 1048576K
GC Heap History (20 events):
Event: 18.347 GC heap before
{Heap before GC invocations=49 (full 0):
 garbage-first heap   total 242688K, used 200561K [0x0000000080000000, 0x0000000100000000)
  region size 1024K, 49 young (50176K), 5 survivors (5120K)
 Metaspace       used 98965K, committed 99776K, reserved 1179648K
  class space    used 13732K, committed 14080K, reserved 1048576K
}
Event: 18.350 GC heap after
{Heap after GC invocations=50 (full 0):
 garbage-first heap   total 242688K, used 156427K [0x0000000080000000, 0x0000000100000000)
  region size 1024K, 5 young (5120K), 5 survivors (5120K)
 Metaspace       used 98965K, committed 99776K, reserved 1179648K
  class space    used 13732K, committed 14080K, reserved 1048576K
}
Event: 18.769 GC heap before
{Heap before GC invocations=50 (full 0):
 garbage-first heap   total 242688K, used 202507K [0x0000000080000000, 0x0000000100000000)
  region size 1024K, 50 young (51200K), 5 survivors (5120K)
 Metaspace       used 98965K, committed 99776K, reserved 1179648K
  class space    used 13732K, committed 14080K, reserved 1048576K
}
Event: 18.772 GC heap after
{Heap after GC invocations=51 (full 0):
 garbage-first heap   total 242688K, used 157549K [0x0000000080000000, 0x0000000100000000)
  region size 1024K, 5 young (5120K), 5 survivors (5120K)
 Metaspace       used 98965K, committed 99776K, reserved 1179648K
  class space    used 13732K, committed 14080K, reserved 1048576K
}
Event: 19.323 GC heap before
{Heap before GC invocations=51 (full 0):
 garbage-first heap   total 242688K, used 203629K [0x0000000080000000, 0x0000000100000000)
  region size 1024K, 50 young (51200K), 5 survivors (5120K)
 Metaspace       used 98965K, committed 99776K, reserved 1179648K
  class space    used 13732K, committed 14080K, reserved 1048576K
}
Event: 19.325 GC heap after
{Heap after GC invocations=52 (full 0):
 garbage-first heap   total 242688K, used 158811K [0x0000000080000000, 0x0000000100000000)
  region size 1024K, 5 young (5120K), 5 survivors (5120K)
 Metaspace       used 98965K, committed 99776K, reserved 1179648K
  class space    used 13732K, committed 14080K, reserved 1048576K
}
Event: 19.874 GC heap before
{Heap before GC invocations=52 (full 0):
 garbage-first heap   total 242688K, used 204891K [0x0000000080000000, 0x0000000100000000)
  region size 1024K, 50 young (51200K), 5 survivors (5120K)
 Metaspace       used 98965K, committed 99776K, reserved 1179648K
  class space    used 13732K, committed 14080K, reserved 1048576K
}
Event: 19.877 GC heap after
{Heap after GC invocations=53 (full 0):
 garbage-first heap   total 242688K, used 160004K [0x0000000080000000, 0x0000000100000000)
  region size 1024K, 5 young (5120K), 5 survivors (5120K)
 Metaspace       used 98965K, committed 99776K, reserved 1179648K
  class space    used 13732K, committed 14080K, reserved 1048576K
}
Event: 20.417 GC heap before
{Heap before GC invocations=53 (full 0):
 garbage-first heap   total 242688K, used 206084K [0x0000000080000000, 0x0000000100000000)
  region size 1024K, 50 young (51200K), 5 survivors (5120K)
 Metaspace       used 98965K, committed 99776K, reserved 1179648K
  class space    used 13732K, committed 14080K, reserved 1048576K
}
Event: 20.421 GC heap after
{Heap after GC invocations=54 (full 0):
 garbage-first heap   total 242688K, used 161212K [0x0000000080000000, 0x0000000100000000)
  region size 1024K, 5 young (5120K), 5 survivors (5120K)
 Metaspace       used 98965K, committed 99776K, reserved 1179648K
  class space    used 13732K, committed 14080K, reserved 1048576K
}
Event: 20.772 GC heap before
{Heap before GC invocations=54 (full 0):
 garbage-first heap   total 242688K, used 207292K [0x0000000080000000, 0x0000000100000000)
  region size 1024K, 50 young (51200K), 5 survivors (5120K)
 Metaspace       used 98965K, committed 99776K, reserved 1179648K
  class space    used 13732K, committed 14080K, reserved 1048576K
}
Event: 20.775 GC heap after
{Heap after GC invocations=55 (full 0):
 garbage-first heap   total 242688K, used 162197K [0x0000000080000000, 0x0000000100000000)
  region size 1024K, 5 young (5120K), 5 survivors (5120K)
 Metaspace       used 98965K, committed 99776K, reserved 1179648K
  class space    used 13732K, committed 14080K, reserved 1048576K
}
Event: 21.067 GC heap before
{Heap before GC invocations=55 (full 0):
 garbage-first heap   total 242688K, used 207253K [0x0000000080000000, 0x0000000100000000)
  region size 1024K, 49 young (50176K), 5 survivors (5120K)
 Metaspace       used 98965K, committed 99776K, reserved 1179648K
  class space    used 13732K, committed 14080K, reserved 1048576K
}
Event: 21.070 GC heap after
{Heap after GC invocations=56 (full 0):
 garbage-first heap   total 242688K, used 163164K [0x0000000080000000, 0x0000000100000000)
  region size 1024K, 5 young (5120K), 5 survivors (5120K)
 Metaspace       used 98965K, committed 99776K, reserved 1179648K
  class space    used 13732K, committed 14080K, reserved 1048576K
}
Event: 21.385 GC heap before
{Heap before GC invocations=56 (full 0):
 garbage-first heap   total 242688K, used 207196K [0x0000000080000000, 0x0000000100000000)
  region size 1024K, 48 young (49152K), 5 survivors (5120K)
 Metaspace       used 98965K, committed 99776K, reserved 1179648K
  class space    used 13732K, committed 14080K, reserved 1048576K
}
Event: 21.388 GC heap after
{Heap after GC invocations=57 (full 0):
 garbage-first heap   total 242688K, used 164123K [0x0000000080000000, 0x0000000100000000)
  region size 1024K, 4 young (4096K), 4 survivors (4096K)
 Metaspace       used 98965K, committed 99776K, reserved 1179648K
  class space    used 13732K, committed 14080K, reserved 1048576K
}
Event: 21.746 GC heap before
{Heap before GC invocations=57 (full 0):
 garbage-first heap   total 242688K, used 208155K [0x0000000080000000, 0x0000000100000000)
  region size 1024K, 47 young (48128K), 4 survivors (4096K)
 Metaspace       used 98965K, committed 99776K, reserved 1179648K
  class space    used 13732K, committed 14080K, reserved 1048576K
}
Event: 21.749 GC heap after
{Heap after GC invocations=58 (full 0):
 garbage-first heap   total 242688K, used 165157K [0x0000000080000000, 0x0000000100000000)
  region size 1024K, 4 young (4096K), 4 survivors (4096K)
 Metaspace       used 98965K, committed 99776K, reserved 1179648K
  class space    used 13732K, committed 14080K, reserved 1048576K
}
Event: 22.020 GC heap before
{Heap before GC invocations=58 (full 0):
 garbage-first heap   total 242688K, used 214309K [0x0000000080000000, 0x0000000100000000)
  region size 1024K, 43 young (44032K), 4 survivors (4096K)
 Metaspace       used 99006K, committed 99776K, reserved 1179648K
  class space    used 13743K, committed 14080K, reserved 1048576K
}
Event: 22.023 GC heap after
{Heap after GC invocations=59 (full 0):
 garbage-first heap   total 242688K, used 176447K [0x0000000080000000, 0x0000000100000000)
  region size 1024K, 5 young (5120K), 5 survivors (5120K)
 Metaspace       used 99006K, committed 99776K, reserved 1179648K
  class space    used 13743K, committed 14080K, reserved 1048576K
}

