# JRE version: OpenJDK Runtime Environment (17.0.9) (build 17.0.9+0--11185874)
# Java VM: OpenJDK 64-Bit Server VM (17.0.9+0--11185874, mixed mode, tiered, compressed oops, compressed class ptrs, g1 gc, windows-amd64)
GC Precious Log:
 CPUs: 12 total, 12 available
 Memory: 7514M
 Large Page Support: Disabled
 NUMA Support: Disabled
 Compressed Oops: Enabled (32-bit)
 Heap Region Size: 1M
 Heap Min Capacity: 8M
 Heap Initial Capacity: 118M
 Heap Max Capacity: 2G
 Pre-touch: Disabled
 Parallel Workers: 10
 Concurrent Workers: 3
 Concurrent Refinement Workers: 10
 Periodic GC: Disabled
Heap:
 garbage-first heap   total 430080K, used 283233K [0x0000000080000000, 0x0000000100000000)
  region size 1024K, 11 young (11264K), 11 survivors (11264K)
 Metaspace       used 202153K, committed 203392K, reserved 1245184K
  class space    used 26063K, committed 26688K, reserved 1048576K
GC Heap History (20 events):
Event: 30.980 GC heap after
{Heap after GC invocations=70 (full 0):
 garbage-first heap   total 401408K, used 214541K [0x0000000080000000, 0x0000000100000000)
  region size 1024K, 2 young (2048K), 2 survivors (2048K)
 Metaspace       used 169264K, committed 170240K, reserved 1245184K
  class space    used 22114K, committed 22592K, reserved 1048576K
}
Event: 32.310 GC heap before
{Heap before GC invocations=70 (full 0):
 garbage-first heap   total 401408K, used 331277K [0x0000000080000000, 0x0000000100000000)
  region size 1024K, 114 young (116736K), 2 survivors (2048K)
 Metaspace       used 174763K, committed 175744K, reserved 1245184K
  class space    used 22897K, committed 23360K, reserved 1048576K
}
Event: 32.314 GC heap after
{Heap after GC invocations=71 (full 0):
 garbage-first heap   total 401408K, used 219993K [0x0000000080000000, 0x0000000100000000)
  region size 1024K, 6 young (6144K), 6 survivors (6144K)
 Metaspace       used 174763K, committed 175744K, reserved 1245184K
  class space    used 22897K, committed 23360K, reserved 1048576K
}
Event: 32.747 GC heap before
{Heap before GC invocations=71 (full 0):
 garbage-first heap   total 401408K, used 331609K [0x0000000080000000, 0x0000000100000000)
  region size 1024K, 115 young (117760K), 6 survivors (6144K)
 Metaspace       used 174768K, committed 175744K, reserved 1245184K
  class space    used 22897K, committed 23360K, reserved 1048576K
}
Event: 32.750 GC heap after
{Heap after GC invocations=72 (full 0):
 garbage-first heap   total 401408K, used 220323K [0x0000000080000000, 0x0000000100000000)
  region size 1024K, 6 young (6144K), 6 survivors (6144K)
 Metaspace       used 174768K, committed 175744K, reserved 1245184K
  class space    used 22897K, committed 23360K, reserved 1048576K
}
Event: 33.311 GC heap before
{Heap before GC invocations=72 (full 0):
 garbage-first heap   total 401408K, used 330915K [0x0000000080000000, 0x0000000100000000)
  region size 1024K, 116 young (118784K), 6 survivors (6144K)
 Metaspace       used 176914K, committed 177920K, reserved 1245184K
  class space    used 23128K, committed 23616K, reserved 1048576K
}
Event: 33.316 GC heap after
{Heap after GC invocations=73 (full 0):
 garbage-first heap   total 401408K, used 216341K [0x0000000080000000, 0x0000000100000000)
  region size 1024K, 4 young (4096K), 4 survivors (4096K)
 Metaspace       used 176914K, committed 177920K, reserved 1245184K
  class space    used 23128K, committed 23616K, reserved 1048576K
}
Event: 37.408 GC heap before
{Heap before GC invocations=74 (full 0):
 garbage-first heap   total 401408K, used 342293K [0x0000000080000000, 0x0000000100000000)
  region size 1024K, 123 young (125952K), 4 survivors (4096K)
 Metaspace       used 185917K, committed 186880K, reserved 1245184K
  class space    used 24108K, committed 24576K, reserved 1048576K
}
Event: 37.418 GC heap after
{Heap after GC invocations=75 (full 0):
 garbage-first heap   total 401408K, used 225352K [0x0000000080000000, 0x0000000100000000)
  region size 1024K, 13 young (13312K), 13 survivors (13312K)
 Metaspace       used 185917K, committed 186880K, reserved 1245184K
  class space    used 24108K, committed 24576K, reserved 1048576K
}
Event: 37.451 GC heap before
{Heap before GC invocations=75 (full 0):
 garbage-first heap   total 401408K, used 230472K [0x0000000080000000, 0x0000000100000000)
  region size 1024K, 19 young (19456K), 13 survivors (13312K)
 Metaspace       used 185925K, committed 186880K, reserved 1245184K
  class space    used 24108K, committed 24576K, reserved 1048576K
}
Event: 37.463 GC heap after
{Heap after GC invocations=76 (full 0):
 garbage-first heap   total 401408K, used 225003K [0x0000000080000000, 0x0000000100000000)
  region size 1024K, 2 young (2048K), 2 survivors (2048K)
 Metaspace       used 185925K, committed 186880K, reserved 1245184K
  class space    used 24108K, committed 24576K, reserved 1048576K
}
Event: 39.831 GC heap before
{Heap before GC invocations=76 (full 0):
 garbage-first heap   total 401408K, used 336619K [0x0000000080000000, 0x0000000100000000)
  region size 1024K, 112 young (114688K), 2 survivors (2048K)
 Metaspace       used 190533K, committed 191552K, reserved 1245184K
  class space    used 24639K, committed 25152K, reserved 1048576K
}
Event: 39.840 GC heap after
{Heap after GC invocations=77 (full 0):
 garbage-first heap   total 401408K, used 234253K [0x0000000080000000, 0x0000000100000000)
  region size 1024K, 11 young (11264K), 11 survivors (11264K)
 Metaspace       used 190533K, committed 191552K, reserved 1245184K
  class space    used 24639K, committed 25152K, reserved 1048576K
}
Event: 79.887 GC heap before
{Heap before GC invocations=77 (full 0):
 garbage-first heap   total 401408K, used 336653K [0x0000000080000000, 0x0000000100000000)
  region size 1024K, 111 young (113664K), 11 survivors (11264K)
 Metaspace       used 199677K, committed 200832K, reserved 1245184K
  class space    used 25831K, committed 26368K, reserved 1048576K
}
Event: 79.905 GC heap after
{Heap after GC invocations=78 (full 0):
 garbage-first heap   total 401408K, used 242341K [0x0000000080000000, 0x0000000100000000)
  region size 1024K, 9 young (9216K), 9 survivors (9216K)
 Metaspace       used 199677K, committed 200832K, reserved 1245184K
  class space    used 25831K, committed 26368K, reserved 1048576K
}
Event: 81.056 GC heap before
{Heap before GC invocations=79 (full 0):
 garbage-first heap   total 430080K, used 351909K [0x0000000080000000, 0x0000000100000000)
  region size 1024K, 101 young (103424K), 9 survivors (9216K)
 Metaspace       used 201612K, committed 202880K, reserved 1245184K
  class space    used 26033K, committed 26688K, reserved 1048576K
}
Event: 81.094 GC heap after
{Heap after GC invocations=80 (full 0):
 garbage-first heap   total 430080K, used 266865K [0x0000000080000000, 0x0000000100000000)
  region size 1024K, 13 young (13312K), 13 survivors (13312K)
 Metaspace       used 201612K, committed 202880K, reserved 1245184K
  class space    used 26033K, committed 26688K, reserved 1048576K
}
Event: 81.101 GC heap before
{Heap before GC invocations=80 (full 0):
 garbage-first heap   total 430080K, used 275057K [0x0000000080000000, 0x0000000100000000)
  region size 1024K, 21 young (21504K), 13 survivors (13312K)
 Metaspace       used 201613K, committed 202880K, reserved 1245184K
  class space    used 26033K, committed 26688K, reserved 1048576K
}
Event: 81.123 GC heap after
{Heap after GC invocations=81 (full 0):
 garbage-first heap   total 430080K, used 267871K [0x0000000080000000, 0x0000000100000000)
  region size 1024K, 2 young (2048K), 2 survivors (2048K)
 Metaspace       used 201613K, committed 202880K, reserved 1245184K
  class space    used 26033K, committed 26688K, reserved 1048576K
}
Event: 82.322 GC heap before
{Heap before GC invocations=81 (full 0):
 garbage-first heap   total 430080K, used 353887K [0x0000000080000000, 0x0000000100000000)
  region size 1024K, 87 young (89088K), 2 survivors (2048K)
 Metaspace       used 202153K, committed 203392K, reserved 1245184K
  class space    used 26063K, committed 26688K, reserved 1048576K
}

