# JRE version: OpenJDK Runtime Environment (17.0.9) (build 17.0.9+0--11185874)
# Java VM: OpenJDK 64-Bit Server VM (17.0.9+0--11185874, mixed mode, tiered, compressed oops, compressed class ptrs, g1 gc, windows-amd64)
GC Precious Log:
 CPUs: 12 total, 12 available
 Memory: 7514M
 Large Page Support: Disabled
 NUMA Support: Disabled
 Compressed Oops: Enabled (32-bit)
 Heap Region Size: 1M
 Heap Min Capacity: 8M
 Heap Initial Capacity: 118M
 Heap Max Capacity: 2G
 Pre-touch: Disabled
 Parallel Workers: 10
 Concurrent Workers: 3
 Concurrent Refinement Workers: 10
 Periodic GC: Disabled
Heap:
 garbage-first heap   total 199680K, used 123377K [0x0000000080000000, 0x0000000100000000)
  region size 1024K, 4 young (4096K), 4 survivors (4096K)
 Metaspace       used 89188K, committed 89792K, reserved 1179648K
  class space    used 12149K, committed 12416K, reserved 1048576K
GC Heap History (20 events):
Event: 6.405 GC heap after
{Heap after GC invocations=25 (full 0):
 garbage-first heap   total 113664K, used 62929K [0x0000000080000000, 0x0000000100000000)
  region size 1024K, 5 young (5120K), 5 survivors (5120K)
 Metaspace       used 60819K, committed 61440K, reserved 1114112K
  class space    used 8306K, committed 8576K, reserved 1048576K
}
Event: 6.736 GC heap before
{Heap before GC invocations=26 (full 0):
 garbage-first heap   total 113664K, used 89553K [0x0000000080000000, 0x0000000100000000)
  region size 1024K, 32 young (32768K), 5 survivors (5120K)
 Metaspace       used 63271K, committed 63872K, reserved 1114112K
  class space    used 8769K, committed 9024K, reserved 1048576K
}
Event: 6.741 GC heap after
{Heap after GC invocations=27 (full 0):
 garbage-first heap   total 138240K, used 65850K [0x0000000080000000, 0x0000000100000000)
  region size 1024K, 3 young (3072K), 3 survivors (3072K)
 Metaspace       used 63271K, committed 63872K, reserved 1114112K
  class space    used 8769K, committed 9024K, reserved 1048576K
}
Event: 7.151 GC heap before
{Heap before GC invocations=27 (full 0):
 garbage-first heap   total 138240K, used 108858K [0x0000000080000000, 0x0000000100000000)
  region size 1024K, 45 young (46080K), 3 survivors (3072K)
 Metaspace       used 68862K, committed 69440K, reserved 1114112K
  class space    used 9833K, committed 10112K, reserved 1048576K
}
Event: 7.155 GC heap after
{Heap after GC invocations=28 (full 0):
 garbage-first heap   total 138240K, used 66790K [0x0000000080000000, 0x0000000100000000)
  region size 1024K, 4 young (4096K), 4 survivors (4096K)
 Metaspace       used 68862K, committed 69440K, reserved 1114112K
  class space    used 9833K, committed 10112K, reserved 1048576K
}
Event: 7.522 GC heap before
{Heap before GC invocations=29 (full 0):
 garbage-first heap   total 138240K, used 110822K [0x0000000080000000, 0x0000000100000000)
  region size 1024K, 47 young (48128K), 4 survivors (4096K)
 Metaspace       used 75023K, committed 75648K, reserved 1114112K
  class space    used 10591K, committed 10880K, reserved 1048576K
}
Event: 7.525 GC heap after
{Heap after GC invocations=30 (full 0):
 garbage-first heap   total 138240K, used 67810K [0x0000000080000000, 0x0000000100000000)
  region size 1024K, 3 young (3072K), 3 survivors (3072K)
 Metaspace       used 75023K, committed 75648K, reserved 1114112K
  class space    used 10591K, committed 10880K, reserved 1048576K
}
Event: 7.546 GC heap before
{Heap before GC invocations=30 (full 0):
 garbage-first heap   total 138240K, used 69858K [0x0000000080000000, 0x0000000100000000)
  region size 1024K, 6 young (6144K), 3 survivors (3072K)
 Metaspace       used 75273K, committed 75904K, reserved 1114112K
  class space    used 10640K, committed 10944K, reserved 1048576K
}
Event: 7.549 GC heap after
{Heap after GC invocations=31 (full 0):
 garbage-first heap   total 138240K, used 67630K [0x0000000080000000, 0x0000000100000000)
  region size 1024K, 1 young (1024K), 1 survivors (1024K)
 Metaspace       used 75273K, committed 75904K, reserved 1114112K
  class space    used 10640K, committed 10944K, reserved 1048576K
}
Event: 7.722 GC heap before
{Heap before GC invocations=31 (full 0):
 garbage-first heap   total 138240K, used 87086K [0x0000000080000000, 0x0000000100000000)
  region size 1024K, 21 young (21504K), 1 survivors (1024K)
 Metaspace       used 78404K, committed 79040K, reserved 1179648K
  class space    used 11055K, committed 11328K, reserved 1048576K
}
Event: 7.724 GC heap after
{Heap after GC invocations=32 (full 0):
 garbage-first heap   total 138240K, used 67713K [0x0000000080000000, 0x0000000100000000)
  region size 1024K, 1 young (1024K), 1 survivors (1024K)
 Metaspace       used 78404K, committed 79040K, reserved 1179648K
  class space    used 11055K, committed 11328K, reserved 1048576K
}
Event: 7.895 GC heap before
{Heap before GC invocations=33 (full 0):
 garbage-first heap   total 138240K, used 123009K [0x0000000080000000, 0x0000000100000000)
  region size 1024K, 46 young (47104K), 1 survivors (1024K)
 Metaspace       used 78720K, committed 79424K, reserved 1179648K
  class space    used 11064K, committed 11328K, reserved 1048576K
}
Event: 7.904 GC heap after
{Heap after GC invocations=34 (full 0):
 garbage-first heap   total 199680K, used 81070K [0x0000000080000000, 0x0000000100000000)
  region size 1024K, 6 young (6144K), 6 survivors (6144K)
 Metaspace       used 78720K, committed 79424K, reserved 1179648K
  class space    used 11064K, committed 11328K, reserved 1048576K
}
Event: 7.915 GC heap before
{Heap before GC invocations=34 (full 0):
 garbage-first heap   total 199680K, used 86190K [0x0000000080000000, 0x0000000100000000)
  region size 1024K, 9 young (9216K), 6 survivors (6144K)
 Metaspace       used 78720K, committed 79424K, reserved 1179648K
  class space    used 11064K, committed 11328K, reserved 1048576K
}
Event: 7.920 GC heap after
{Heap after GC invocations=35 (full 0):
 garbage-first heap   total 199680K, used 84947K [0x0000000080000000, 0x0000000100000000)
  region size 1024K, 2 young (2048K), 2 survivors (2048K)
 Metaspace       used 78720K, committed 79424K, reserved 1179648K
  class space    used 11064K, committed 11328K, reserved 1048576K
}
Event: 8.215 GC heap before
{Heap before GC invocations=35 (full 0):
 garbage-first heap   total 199680K, used 152531K [0x0000000080000000, 0x0000000100000000)
  region size 1024K, 63 young (64512K), 2 survivors (2048K)
 Metaspace       used 79997K, committed 80640K, reserved 1179648K
  class space    used 11244K, committed 11520K, reserved 1048576K
}
Event: 8.223 GC heap after
{Heap after GC invocations=36 (full 0):
 garbage-first heap   total 199680K, used 95694K [0x0000000080000000, 0x0000000100000000)
  region size 1024K, 8 young (8192K), 8 survivors (8192K)
 Metaspace       used 79997K, committed 80640K, reserved 1179648K
  class space    used 11244K, committed 11520K, reserved 1048576K
}
Event: 8.601 GC heap before
{Heap before GC invocations=36 (full 0):
 garbage-first heap   total 199680K, used 165326K [0x0000000080000000, 0x0000000100000000)
  region size 1024K, 60 young (61440K), 8 survivors (8192K)
 Metaspace       used 84509K, committed 85184K, reserved 1179648K
  class space    used 11738K, committed 12032K, reserved 1048576K
}
Event: 8.607 GC heap after
{Heap after GC invocations=37 (full 0):
 garbage-first heap   total 199680K, used 119596K [0x0000000080000000, 0x0000000100000000)
  region size 1024K, 7 young (7168K), 7 survivors (7168K)
 Metaspace       used 84509K, committed 85184K, reserved 1179648K
  class space    used 11738K, committed 12032K, reserved 1048576K
}
Event: 8.924 GC heap before
{Heap before GC invocations=37 (full 0):
 garbage-first heap   total 199680K, used 159532K [0x0000000080000000, 0x0000000100000000)
  region size 1024K, 46 young (47104K), 7 survivors (7168K)
 Metaspace       used 89188K, committed 89792K, reserved 1179648K
  class space    used 12149K, committed 12416K, reserved 1048576K
}

