# JRE version: OpenJDK Runtime Environment (17.0.9) (build 17.0.9+0--11185874)
# Java VM: OpenJDK 64-Bit Server VM (17.0.9+0--11185874, mixed mode, tiered, compressed oops, compressed class ptrs, g1 gc, windows-amd64)
GC Precious Log:
 CPUs: 12 total, 12 available
 Memory: 7514M
 Large Page Support: Disabled
 NUMA Support: Disabled
 Compressed Oops: Enabled (32-bit)
 Heap Region Size: 1M
 Heap Min Capacity: 8M
 Heap Initial Capacity: 118M
 Heap Max Capacity: 2G
 Pre-touch: Disabled
 Parallel Workers: 10
 Concurrent Workers: 3
 Concurrent Refinement Workers: 10
 Periodic GC: Disabled
Heap:
 garbage-first heap   total 142336K, used 81458K [0x0000000080000000, 0x0000000100000000)
  region size 1024K, 2 young (2048K), 2 survivors (2048K)
 Metaspace       used 78613K, committed 79360K, reserved 1179648K
  class space    used 11061K, committed 11392K, reserved 1048576K
GC Heap History (20 events):
Event: 5.300 GC heap after
{Heap after GC invocations=15 (full 0):
 garbage-first heap   total 117760K, used 55292K [0x0000000080000000, 0x0000000100000000)
  region size 1024K, 5 young (5120K), 5 survivors (5120K)
 Metaspace       used 51945K, committed 52480K, reserved 1114112K
  class space    used 6843K, committed 7040K, reserved 1048576K
}
Event: 5.845 GC heap before
{Heap before GC invocations=15 (full 0):
 garbage-first heap   total 117760K, used 93180K [0x0000000080000000, 0x0000000100000000)
  region size 1024K, 42 young (43008K), 5 survivors (5120K)
 Metaspace       used 56248K, committed 56768K, reserved 1114112K
  class space    used 7569K, committed 7808K, reserved 1048576K
}
Event: 5.848 GC heap after
{Heap after GC invocations=16 (full 0):
 garbage-first heap   total 117760K, used 57482K [0x0000000080000000, 0x0000000100000000)
  region size 1024K, 3 young (3072K), 3 survivors (3072K)
 Metaspace       used 56248K, committed 56768K, reserved 1114112K
  class space    used 7569K, committed 7808K, reserved 1048576K
}
Event: 6.458 GC heap before
{Heap before GC invocations=16 (full 0):
 garbage-first heap   total 117760K, used 94346K [0x0000000080000000, 0x0000000100000000)
  region size 1024K, 39 young (39936K), 3 survivors (3072K)
 Metaspace       used 59946K, committed 60608K, reserved 1114112K
  class space    used 8183K, committed 8512K, reserved 1048576K
}
Event: 6.461 GC heap after
{Heap after GC invocations=17 (full 0):
 garbage-first heap   total 117760K, used 59783K [0x0000000080000000, 0x0000000100000000)
  region size 1024K, 5 young (5120K), 5 survivors (5120K)
 Metaspace       used 59946K, committed 60608K, reserved 1114112K
  class space    used 8183K, committed 8512K, reserved 1048576K
}
Event: 6.984 GC heap before
{Heap before GC invocations=18 (full 0):
 garbage-first heap   total 117760K, used 94599K [0x0000000080000000, 0x0000000100000000)
  region size 1024K, 40 young (40960K), 5 survivors (5120K)
 Metaspace       used 61252K, committed 61888K, reserved 1114112K
  class space    used 8355K, committed 8640K, reserved 1048576K
}
Event: 6.989 GC heap after
{Heap after GC invocations=19 (full 0):
 garbage-first heap   total 117760K, used 63832K [0x0000000080000000, 0x0000000100000000)
  region size 1024K, 5 young (5120K), 5 survivors (5120K)
 Metaspace       used 61252K, committed 61888K, reserved 1114112K
  class space    used 8355K, committed 8640K, reserved 1048576K
}
Event: 7.310 GC heap before
{Heap before GC invocations=19 (full 0):
 garbage-first heap   total 117760K, used 93528K [0x0000000080000000, 0x0000000100000000)
  region size 1024K, 35 young (35840K), 5 survivors (5120K)
 Metaspace       used 66211K, committed 66816K, reserved 1114112K
  class space    used 9455K, committed 9728K, reserved 1048576K
}
Event: 7.315 GC heap after
{Heap after GC invocations=20 (full 0):
 garbage-first heap   total 117760K, used 65589K [0x0000000080000000, 0x0000000100000000)
  region size 1024K, 2 young (2048K), 2 survivors (2048K)
 Metaspace       used 66211K, committed 66816K, reserved 1114112K
  class space    used 9455K, committed 9728K, reserved 1048576K
}
Event: 7.562 GC heap before
{Heap before GC invocations=21 (full 0):
 garbage-first heap   total 117760K, used 96309K [0x0000000080000000, 0x0000000100000000)
  region size 1024K, 32 young (32768K), 2 survivors (2048K)
 Metaspace       used 69846K, committed 70464K, reserved 1114112K
  class space    used 9969K, committed 10240K, reserved 1048576K
}
Event: 7.564 GC heap after
{Heap after GC invocations=22 (full 0):
 garbage-first heap   total 141312K, used 65881K [0x0000000080000000, 0x0000000100000000)
  region size 1024K, 2 young (2048K), 2 survivors (2048K)
 Metaspace       used 69846K, committed 70464K, reserved 1114112K
  class space    used 9969K, committed 10240K, reserved 1048576K
}
Event: 7.597 GC heap before
{Heap before GC invocations=22 (full 0):
 garbage-first heap   total 141312K, used 69977K [0x0000000080000000, 0x0000000100000000)
  region size 1024K, 6 young (6144K), 2 survivors (2048K)
 Metaspace       used 70381K, committed 70976K, reserved 1114112K
  class space    used 10033K, committed 10304K, reserved 1048576K
}
Event: 7.599 GC heap after
{Heap after GC invocations=23 (full 0):
 garbage-first heap   total 141312K, used 66010K [0x0000000080000000, 0x0000000100000000)
  region size 1024K, 1 young (1024K), 1 survivors (1024K)
 Metaspace       used 70381K, committed 70976K, reserved 1114112K
  class space    used 10033K, committed 10304K, reserved 1048576K
}
Event: 8.088 GC heap before
{Heap before GC invocations=23 (full 0):
 garbage-first heap   total 141312K, used 115162K [0x0000000080000000, 0x0000000100000000)
  region size 1024K, 49 young (50176K), 1 survivors (1024K)
 Metaspace       used 77558K, committed 78144K, reserved 1179648K
  class space    used 10929K, committed 11200K, reserved 1048576K
}
Event: 8.090 GC heap after
{Heap after GC invocations=24 (full 0):
 garbage-first heap   total 141312K, used 66775K [0x0000000080000000, 0x0000000100000000)
  region size 1024K, 2 young (2048K), 2 survivors (2048K)
 Metaspace       used 77558K, committed 78144K, reserved 1179648K
  class space    used 10929K, committed 11200K, reserved 1048576K
}
Event: 8.345 GC heap before
{Heap before GC invocations=25 (full 0):
 garbage-first heap   total 141312K, used 126167K [0x0000000080000000, 0x0000000100000000)
  region size 1024K, 51 young (52224K), 2 survivors (2048K)
 Metaspace       used 78611K, committed 79360K, reserved 1179648K
  class space    used 11061K, committed 11392K, reserved 1048576K
}
Event: 8.354 GC heap after
{Heap after GC invocations=26 (full 0):
 garbage-first heap   total 142336K, used 80129K [0x0000000080000000, 0x0000000100000000)
  region size 1024K, 7 young (7168K), 7 survivors (7168K)
 Metaspace       used 78611K, committed 79360K, reserved 1179648K
  class space    used 11061K, committed 11392K, reserved 1048576K
}
Event: 8.358 GC heap before
{Heap before GC invocations=26 (full 0):
 garbage-first heap   total 142336K, used 81153K [0x0000000080000000, 0x0000000100000000)
  region size 1024K, 8 young (8192K), 7 survivors (7168K)
 Metaspace       used 78612K, committed 79360K, reserved 1179648K
  class space    used 11061K, committed 11392K, reserved 1048576K
}
Event: 8.363 GC heap after
{Heap after GC invocations=27 (full 0):
 garbage-first heap   total 142336K, used 81225K [0x0000000080000000, 0x0000000100000000)
  region size 1024K, 1 young (1024K), 1 survivors (1024K)
 Metaspace       used 78612K, committed 79360K, reserved 1179648K
  class space    used 11061K, committed 11392K, reserved 1048576K
}
Event: 8.367 GC heap before
{Heap before GC invocations=27 (full 0):
 garbage-first heap   total 142336K, used 82249K [0x0000000080000000, 0x0000000100000000)
  region size 1024K, 3 young (3072K), 1 survivors (1024K)
 Metaspace       used 78613K, committed 79360K, reserved 1179648K
  class space    used 11061K, committed 11392K, reserved 1048576K
}

